[debug] [2023-05-31T23:14:08.812Z] ----------------------------------------------------------------------
[debug] [2023-05-31T23:14:08.813Z] Command:       C:\Program Files\nodejs\node.exe C:\Users\bharg\AppData\Roaming\npm\node_modules\firebase-tools\lib\bin\firebase.js init
[debug] [2023-05-31T23:14:08.814Z] CLI Version:   12.2.1
[debug] [2023-05-31T23:14:08.814Z] Platform:      win32
[debug] [2023-05-31T23:14:08.814Z] Node Version:  v18.15.0
[debug] [2023-05-31T23:14:08.815Z] Time:          Thu Jun 01 2023 04:44:08 GMT+0530 (India Standard Time)
[debug] [2023-05-31T23:14:08.815Z] ----------------------------------------------------------------------
[debug] 
[debug] [2023-05-31T23:14:08.820Z] > command requires scopes: ["email","openid","https://www.googleapis.com/auth/cloudplatformprojects.readonly","https://www.googleapis.com/auth/firebase","https://www.googleapis.com/auth/cloud-platform"]
[debug] [2023-05-31T23:14:08.821Z] > authorizing via signed-in user (bhargav2691@gmail.com)
[info] 
     ######## #### ########  ######## ########     ###     ######  ########
     ##        ##  ##     ## ##       ##     ##  ##   ##  ##       ##
     ######    ##  ########  ######   ########  #########  ######  ######
     ##        ##  ##    ##  ##       ##     ## ##     ##       ## ##
     ##       #### ##     ## ######## ########  ##     ##  ######  ########

You're about to initialize a Firebase project in this directory:

  C:\Users\bharg\OneDrive\Desktop\Stack_Community-1

[info] 
=== Project Setup
[info] 
[info] First, let's associate this project directory with a Firebase project.
[info] You can create multiple project aliases by running firebase use --add, 
[info] but for now we'll just set up a default project.
[info] 
[debug] [2023-05-31T23:14:38.166Z] >>> [apiv2][query] GET https://firebase.googleapis.com/v1beta1/projects pageSize=100
[debug] [2023-05-31T23:14:39.373Z] <<< [apiv2][status] GET https://firebase.googleapis.com/v1beta1/projects 200
[debug] [2023-05-31T23:14:39.373Z] <<< [apiv2][body] GET https://firebase.googleapis.com/v1beta1/projects [omitted]
[info] i  Using project test-ca764 (Test) 
[info] 
=== Hosting Setup
[info] 
[info] Your public directory is the folder (relative to your project directory) that
[info] will contain Hosting assets to be uploaded with firebase deploy. If you
[info] have a build process for your assets, use your build's output directory.
[info] 
[debug] [2023-05-31T23:15:36.970Z] >>> [apiv2][query] GET https://www.gstatic.com/firebasejs/releases.json [none]
[debug] [2023-05-31T23:15:37.408Z] <<< [apiv2][status] GET https://www.gstatic.com/firebasejs/releases.json 200
